<?xml version="1.0" encoding="UTF-8"?>
<!-- Generated by org.testng.reporters.JUnitReportReporter -->
<testsuite skipped="0" hostname="DESKTOP-0IMA24S" name="com.crm.qa.testcases.LoginPageTest" tests="3" failures="0" timestamp="20 Sep 2018 18:00:45 GMT" time="41.532" errors="0">
  <testcase name="loginPageTitleTest" time="11.332" classname="com.crm.qa.testcases.LoginPageTest"/>
  <testcase name="crmLogoImageTest" time="11.509" classname="com.crm.qa.testcases.LoginPageTest"/>
  <testcase name="loginTest" time="18.691" classname="com.crm.qa.testcases.LoginPageTest"/>
</testsuite> <!-- com.crm.qa.testcases.LoginPageTest -->
